This is pdfTeX, Version 3.14159265-2.6-1.40.20 (TeX Live 2019/Debian) (preloaded format=pdflatex 2024.5.8)  18 SEP 2024 16:16
entering extended mode
 restricted \write18 enabled.
 %&-line parsing enabled.
**0.disenno_informe_valuami.tex
(./0.disenno_informe_valuami.tex
LaTeX2e <2020-02-02> patch level 2
L3 programming layer <2020-02-14>

! LaTeX Error: \usepackage before \documentclass.

See the LaTeX manual or LaTeX Companion for explanation.
Type  H <return>  for immediate help.
 ...                                              
                                                  
l.1 \usepackage{
                textcomp}
? 
! Emergency stop.
 ...                                              
                                                  
l.1 \usepackage{
                textcomp}
\usepackage may only appear in the document preamble, i.e.,
between \documentclass and \begin{document}.

 
Here is how much of TeX's memory you used:
 17 strings out of 483107
 603 string characters out of 5964631
 231847 words of memory out of 5000000
 15142 multiletter control sequences out of 15000+600000
 532338 words of font info for 24 fonts, out of 8000000 for 9000
 59 hyphenation exceptions out of 8191
 12i,0n,15p,82b,14s stack positions out of 5000i,500n,10000p,200000b,80000s
!  ==> Fatal error occurred, no output PDF file produced!
