\BOOKMARK [0][-]{chapter.1}{ANTECEDENTES.}{}% 1
\BOOKMARK [1][-]{section.1.1}{DATOS GENERALES.}{chapter.1}% 2
\BOOKMARK [1][-]{section.1.2}{UBICACI\323N DE LOS BIENES A VALUAR.}{chapter.1}% 3
\BOOKMARK [1][-]{section.1.3}{CROQUIS DE UBICACI\323N DE LOS BIENES.}{chapter.1}% 4
\BOOKMARK [0][-]{chapter.2}{CONSIDERACIONES.}{}% 5
\BOOKMARK [1][-]{section.2.1}{ENTORNO DE LOS BIENES VALUADOS.}{chapter.2}% 6
\BOOKMARK [1][-]{section.2.2}{CONDICI\323N GENERAL DE LOS BIENES.}{chapter.2}% 7
\BOOKMARK [0][-]{chapter.3}{CONDICIONES GENERALES Y CONDICIONES LIMITANTES.}{}% 8
\BOOKMARK [1][-]{section.3.1}{NOTAS IMPORTANTES.}{chapter.3}% 9
\BOOKMARK [0][-]{chapter.4}{DEFINICIONES.}{}% 10
\BOOKMARK [1][-]{section.4.1}{CONCEPTOS VALUATORIOS.}{chapter.4}% 11
\BOOKMARK [0][-]{chapter.5}{INVENTARIO.}{}% 12
\BOOKMARK [0][-]{chapter.6}{METODOLOG\315A CONDSIDERACIONES Y SUPUESTOS.}{}% 13
\BOOKMARK [1][-]{section.6.1}{ENFOQUE DE COSTOS.}{chapter.6}% 14
\BOOKMARK [1][-]{section.6.2}{ENFOQUE DE MERCADO.}{chapter.6}% 15
\BOOKMARK [0][-]{chapter.7}{ENFOQUE DE COSTOS.}{}% 16
\BOOKMARK [0][-]{chapter.8}{ENFOQUE DE MERCADO.}{}% 17
\BOOKMARK [1][-]{section.8.1}{Tanque para Aire Comprimido.}{chapter.8}% 18
\BOOKMARK [2][-]{subsection.8.1.1}{\204 Variables \204}{section.8.1}% 19
\BOOKMARK [2][-]{subsection.8.1.2}{\204 Mercado Usado \204}{section.8.1}% 20
\BOOKMARK [2][-]{subsection.8.1.3}{\204 Matriz de Dispersion \204}{section.8.1}% 21
\BOOKMARK [2][-]{subsection.8.1.4}{\204 Supuestos del Modelo de Regresi\363n \204}{section.8.1}% 22
\BOOKMARK [3][-]{subsubsection.8.1.4.1}{\204 Homocedasticidad \204}{subsection.8.1.4}% 23
\BOOKMARK [3][-]{subsubsection.8.1.4.2}{\204 Independencia \204}{subsection.8.1.4}% 24
\BOOKMARK [3][-]{subsubsection.8.1.4.3}{\204 Normalidad \204}{subsection.8.1.4}% 25
\BOOKMARK [2][-]{subsection.8.1.5}{\204 Modelo de Regresi\363n Estimado \204}{section.8.1}% 26
\BOOKMARK [2][-]{subsection.8.1.6}{\204 Tabla Anova \204}{section.8.1}% 27
\BOOKMARK [2][-]{subsection.8.1.7}{\204 Prueba de Significancia del Modelo \204}{section.8.1}% 28
\BOOKMARK [2][-]{subsection.8.1.8}{Estimaci\363n del Valor de Mercado aplicado al Activo.}{section.8.1}% 29
\BOOKMARK [1][-]{section.8.2}{Polipasto El\351ctrico.}{chapter.8}% 30
\BOOKMARK [2][-]{subsection.8.2.1}{\204 Variables \204}{section.8.2}% 31
\BOOKMARK [2][-]{subsection.8.2.2}{\204 Mercado Usado \204}{section.8.2}% 32
\BOOKMARK [2][-]{subsection.8.2.3}{\204 Matriz de Dispersion \204}{section.8.2}% 33
\BOOKMARK [2][-]{subsection.8.2.4}{\204 Supuestos del Modelo de Regresi\363n \204}{section.8.2}% 34
\BOOKMARK [3][-]{subsubsection.8.2.4.1}{\204 Homocedasticidad \204}{subsection.8.2.4}% 35
\BOOKMARK [3][-]{subsubsection.8.2.4.2}{\204 Independencia \204}{subsection.8.2.4}% 36
\BOOKMARK [3][-]{subsubsection.8.2.4.3}{\204 Normalidad \204}{subsection.8.2.4}% 37
\BOOKMARK [2][-]{subsection.8.2.5}{\204 Modelo de Regresi\363n Estimado \204}{section.8.2}% 38
\BOOKMARK [2][-]{subsection.8.2.6}{\204 Tabla Anova \204}{section.8.2}% 39
\BOOKMARK [2][-]{subsection.8.2.7}{\204 Prueba de Significancia del Modelo \204}{section.8.2}% 40
\BOOKMARK [2][-]{subsection.8.2.8}{Estimaci\363n del Valor de Mercado aplicado al Activo.}{section.8.2}% 41
\BOOKMARK [1][-]{section.8.3}{Bombo Batidor/Mezclador para Cofiter\355a.}{chapter.8}% 42
\BOOKMARK [2][-]{subsection.8.3.1}{\204 Variables \204}{section.8.3}% 43
\BOOKMARK [2][-]{subsection.8.3.2}{\204 Mercado Usado \204}{section.8.3}% 44
\BOOKMARK [2][-]{subsection.8.3.3}{\204 Matriz de Dispersion \204}{section.8.3}% 45
\BOOKMARK [2][-]{subsection.8.3.4}{\204 Supuestos del Modelo de Regresi\363n \204}{section.8.3}% 46
\BOOKMARK [3][-]{subsubsection.8.3.4.1}{\204 Homocedasticidad \204}{subsection.8.3.4}% 47
\BOOKMARK [3][-]{subsubsection.8.3.4.2}{\204 Independencia \204}{subsection.8.3.4}% 48
\BOOKMARK [3][-]{subsubsection.8.3.4.3}{\204 Normalidad \204}{subsection.8.3.4}% 49
\BOOKMARK [2][-]{subsection.8.3.5}{\204 Modelo de Regresi\363n Estimado \204}{section.8.3}% 50
\BOOKMARK [2][-]{subsection.8.3.6}{\204 Tabla Anova \204}{section.8.3}% 51
\BOOKMARK [2][-]{subsection.8.3.7}{\204 Prueba de Significancia del Modelo \204}{section.8.3}% 52
\BOOKMARK [2][-]{subsection.8.3.8}{Estimaci\363n del Valor de Mercado aplicado al Activo.}{section.8.3}% 53
\BOOKMARK [1][-]{section.8.4}{Compresor Horizontal Oil-Free.}{chapter.8}% 54
\BOOKMARK [2][-]{subsection.8.4.1}{\204 Variables \204}{section.8.4}% 55
\BOOKMARK [2][-]{subsection.8.4.2}{\204 Mercado Usado \204}{section.8.4}% 56
\BOOKMARK [2][-]{subsection.8.4.3}{\204 Matriz de Dispersion \204}{section.8.4}% 57
\BOOKMARK [2][-]{subsection.8.4.4}{\204 Supuestos del Modelo de Regresi\363n \204}{section.8.4}% 58
\BOOKMARK [3][-]{subsubsection.8.4.4.1}{\204 Homocedasticidad \204}{subsection.8.4.4}% 59
\BOOKMARK [3][-]{subsubsection.8.4.4.2}{\204 Independencia \204}{subsection.8.4.4}% 60
\BOOKMARK [3][-]{subsubsection.8.4.4.3}{\204 Normalidad \204}{subsection.8.4.4}% 61
\BOOKMARK [2][-]{subsection.8.4.5}{\204 Modelo de Regresi\363n Estimado \204}{section.8.4}% 62
\BOOKMARK [2][-]{subsection.8.4.6}{\204 Tabla Anova \204}{section.8.4}% 63
\BOOKMARK [2][-]{subsection.8.4.7}{\204 Prueba de Significancia del Modelo \204}{section.8.4}% 64
\BOOKMARK [2][-]{subsection.8.4.8}{Estimaci\363n del Valor de Mercado aplicado al Activo.}{section.8.4}% 65
\BOOKMARK [1][-]{section.8.5}{Secador de Aire, Tipo Refrigerado.}{chapter.8}% 66
\BOOKMARK [2][-]{subsection.8.5.1}{\204 Variables \204}{section.8.5}% 67
\BOOKMARK [2][-]{subsection.8.5.2}{\204 Mercado Usado \204}{section.8.5}% 68
\BOOKMARK [2][-]{subsection.8.5.3}{\204 Matriz de Dispersion \204}{section.8.5}% 69
\BOOKMARK [2][-]{subsection.8.5.4}{\204 Supuestos del Modelo de Regresi\363n \204}{section.8.5}% 70
\BOOKMARK [3][-]{subsubsection.8.5.4.1}{\204 Homocedasticidad \204}{subsection.8.5.4}% 71
\BOOKMARK [3][-]{subsubsection.8.5.4.2}{\204 Independencia \204}{subsection.8.5.4}% 72
\BOOKMARK [3][-]{subsubsection.8.5.4.3}{\204 Normalidad \204}{subsection.8.5.4}% 73
\BOOKMARK [2][-]{subsection.8.5.5}{\204 Modelo de Regresi\363n Estimado \204}{section.8.5}% 74
\BOOKMARK [2][-]{subsection.8.5.6}{\204 Tabla Anova \204}{section.8.5}% 75
\BOOKMARK [2][-]{subsection.8.5.7}{\204 Prueba de Significancia del Modelo \204}{section.8.5}% 76
\BOOKMARK [2][-]{subsection.8.5.8}{Estimaci\363n del Valor de Mercado aplicado al Activo.}{section.8.5}% 77
\BOOKMARK [1][-]{section.8.6}{Compresor Tipo Tornillo.}{chapter.8}% 78
\BOOKMARK [2][-]{subsection.8.6.1}{\204 Variables \204}{section.8.6}% 79
\BOOKMARK [2][-]{subsection.8.6.2}{\204 Mercado Usado \204}{section.8.6}% 80
\BOOKMARK [2][-]{subsection.8.6.3}{\204 Matriz de Dispersion \204}{section.8.6}% 81
\BOOKMARK [2][-]{subsection.8.6.4}{\204 Supuestos del Modelo de Regresi\363n \204}{section.8.6}% 82
\BOOKMARK [3][-]{subsubsection.8.6.4.1}{\204 Homocedasticidad \204}{subsection.8.6.4}% 83
\BOOKMARK [3][-]{subsubsection.8.6.4.2}{\204 Independencia \204}{subsection.8.6.4}% 84
\BOOKMARK [3][-]{subsubsection.8.6.4.3}{\204 Normalidad \204}{subsection.8.6.4}% 85
\BOOKMARK [2][-]{subsection.8.6.5}{\204 Modelo de Regresi\363n Estimado \204}{section.8.6}% 86
\BOOKMARK [2][-]{subsection.8.6.6}{\204 Tabla Anova \204}{section.8.6}% 87
\BOOKMARK [2][-]{subsection.8.6.7}{\204 Prueba de Significancia del Modelo \204}{section.8.6}% 88
\BOOKMARK [2][-]{subsection.8.6.8}{Estimaci\363n del Valor de Mercado aplicado al Activo.}{section.8.6}% 89
\BOOKMARK [0][-]{chapter.9}{CONSIDERACIONES PREVIAS A LA CONCLUSI\323N.}{}% 90
\BOOKMARK [0][-]{chapter.10}{CONCLUSI\323N.}{}% 91
